  asm3.cpp
D:\_uni\assembly\practice\asm3\asm3.cpp(34,2): error C4235: nonstandard extension used: '__asm' keyword not supported on this architecture
D:\_uni\assembly\practice\asm3\asm3.cpp(35,3): error C2065: 'mov': undeclared identifier
D:\_uni\assembly\practice\asm3\asm3.cpp(35,7): error C2146: syntax error: missing ';' before identifier 'eax'
D:\_uni\assembly\practice\asm3\asm3.cpp(35,7): error C2065: 'eax': undeclared identifier
D:\_uni\assembly\practice\asm3\asm3.cpp(36,3): error C2146: syntax error: missing ';' before identifier 'cmp'
D:\_uni\assembly\practice\asm3\asm3.cpp(36,3): error C2065: 'cmp': undeclared identifier
D:\_uni\assembly\practice\asm3\asm3.cpp(36,7): error C2146: syntax error: missing ';' before identifier 'eax'
D:\_uni\assembly\practice\asm3\asm3.cpp(36,7): error C2065: 'eax': undeclared identifier
D:\_uni\assembly\practice\asm3\asm3.cpp(37,3): error C2146: syntax error: missing ';' before identifier 'j'
D:\_uni\assembly\practice\asm3\asm3.cpp(37,3): error C2065: 'j': undeclared identifier
D:\_uni\assembly\practice\asm3\asm3.cpp(37,5): error C2146: syntax error: missing ';' before identifier 'l'
D:\_uni\assembly\practice\asm3\asm3.cpp(37,5): error C2065: 'l': undeclared identifier
D:\_uni\assembly\practice\asm3\asm3.cpp(37,7): error C2146: syntax error: missing ';' before identifier 'lesom'
D:\_uni\assembly\practice\asm3\asm3.cpp(37,7): error C2065: 'lesom': undeclared identifier
D:\_uni\assembly\practice\asm3\asm3.cpp(38,3): error C2146: syntax error: missing ';' before identifier 'mov'
D:\_uni\assembly\practice\asm3\asm3.cpp(38,3): error C2065: 'mov': undeclared identifier
D:\_uni\assembly\practice\asm3\asm3.cpp(38,7): error C2146: syntax error: missing ';' before identifier 'eax'
D:\_uni\assembly\practice\asm3\asm3.cpp(38,7): error C2065: 'eax': undeclared identifier
D:\_uni\assembly\practice\asm3\asm3.cpp(39,3): error C2146: syntax error: missing ';' before identifier 'mov'
D:\_uni\assembly\practice\asm3\asm3.cpp(39,3): error C2065: 'mov': undeclared identifier
D:\_uni\assembly\practice\asm3\asm3.cpp(39,7): error C2146: syntax error: missing ';' before identifier 'b'
D:\_uni\assembly\practice\asm3\asm3.cpp(40,3): error C2146: syntax error: missing ';' before identifier 'mov'
D:\_uni\assembly\practice\asm3\asm3.cpp(40,3): error C2065: 'mov': undeclared identifier
D:\_uni\assembly\practice\asm3\asm3.cpp(40,7): error C2146: syntax error: missing ';' before identifier 'a'
D:\_uni\assembly\practice\asm3\asm3.cpp(40,10): error C2065: 'eax': undeclared identifier
D:\_uni\assembly\practice\asm3\asm3.cpp(42,2): error C2589: '}': illegal token on right side of '::'
D:\_uni\assembly\practice\asm3\asm3.cpp(41,3): error C2144: syntax error: 'unknown-type' should be preceded by ';'
D:\_uni\assembly\practice\asm3\asm3.cpp(43,12): error C2143: syntax error: missing ';' before '<<'
D:\_uni\assembly\practice\asm3\asm3.cpp(43,7): error C2371: 'std::cout': redefinition; different basic types
      D:\programs\Microsoft Visual Studio 2022\program\VC\Tools\MSVC\14.43.34808\include\iostream(40,75):
      see declaration of 'std::cout'
  
D:\_uni\assembly\practice\asm3\asm3.cpp(46,1): error C1004: unexpected end-of-file found
