  asm6.cpp
D:\_uni\assembly\practice\asm6\asm6\asm6.cpp(31,5): error C4235: nonstandard extension used: '__asm' keyword not supported on this architecture
D:\_uni\assembly\practice\asm6\asm6\asm6.cpp(32,9): error C2065: 'mov': undeclared identifier
D:\_uni\assembly\practice\asm6\asm6\asm6.cpp(32,13): error C2146: syntax error: missing ';' before identifier 'ecx'
D:\_uni\assembly\practice\asm6\asm6\asm6.cpp(32,13): error C2065: 'ecx': undeclared identifier
D:\_uni\assembly\practice\asm6\asm6\asm6.cpp(33,9): error C2146: syntax error: missing ';' before identifier 'mov'
D:\_uni\assembly\practice\asm6\asm6\asm6.cpp(33,9): error C2065: 'mov': undeclared identifier
D:\_uni\assembly\practice\asm6\asm6\asm6.cpp(33,13): error C2146: syntax error: missing ';' before identifier 'eax'
D:\_uni\assembly\practice\asm6\asm6\asm6.cpp(33,13): error C2065: 'eax': undeclared identifier
D:\_uni\assembly\practice\asm6\asm6\asm6.cpp(34,13): error C2146: syntax error: missing ';' before identifier 'povt'
D:\_uni\assembly\practice\asm6\asm6\asm6.cpp(35,13): error C2065: 'cmp': undeclared identifier
D:\_uni\assembly\practice\asm6\asm6\asm6.cpp(35,17): error C2146: syntax error: missing ';' before identifier 'eax'
D:\_uni\assembly\practice\asm6\asm6\asm6.cpp(35,17): error C2065: 'eax': undeclared identifier
D:\_uni\assembly\practice\asm6\asm6\asm6.cpp(36,13): error C2146: syntax error: missing ';' before identifier 'je'
D:\_uni\assembly\practice\asm6\asm6\asm6.cpp(36,13): error C2065: 'je': undeclared identifier
D:\_uni\assembly\practice\asm6\asm6\asm6.cpp(36,16): error C2146: syntax error: missing ';' before identifier 'vihod'
D:\_uni\assembly\practice\asm6\asm6\asm6.cpp(36,16): error C2065: 'vihod': undeclared identifier
D:\_uni\assembly\practice\asm6\asm6\asm6.cpp(37,13): error C2146: syntax error: missing ';' before identifier 'mov'
D:\_uni\assembly\practice\asm6\asm6\asm6.cpp(37,13): error C2065: 'mov': undeclared identifier
D:\_uni\assembly\practice\asm6\asm6\asm6.cpp(37,17): error C2146: syntax error: missing ';' before identifier 'edx'
D:\_uni\assembly\practice\asm6\asm6\asm6.cpp(37,17): error C2065: 'edx': undeclared identifier
D:\_uni\assembly\practice\asm6\asm6\asm6.cpp(38,13): error C2146: syntax error: missing ';' before identifier 'div'
D:\_uni\assembly\practice\asm6\asm6\asm6.cpp(38,17): error C2146: syntax error: missing ';' before identifier 'shest'
D:\_uni\assembly\practice\asm6\asm6\asm6.cpp(38,13): warning C4551: function call missing argument list
D:\_uni\assembly\practice\asm6\asm6\asm6.cpp(39,13): error C2146: syntax error: missing ';' before identifier 'push'
D:\_uni\assembly\practice\asm6\asm6\asm6.cpp(39,13): error C2065: 'push': undeclared identifier
D:\_uni\assembly\practice\asm6\asm6\asm6.cpp(39,18): error C2146: syntax error: missing ';' before identifier 'edx'
D:\_uni\assembly\practice\asm6\asm6\asm6.cpp(39,18): error C2065: 'edx': undeclared identifier
D:\_uni\assembly\practice\asm6\asm6\asm6.cpp(40,13): error C2146: syntax error: missing ';' before identifier 'inc'
D:\_uni\assembly\practice\asm6\asm6\asm6.cpp(40,13): error C2065: 'inc': undeclared identifier
D:\_uni\assembly\practice\asm6\asm6\asm6.cpp(40,17): error C2146: syntax error: missing ';' before identifier 'ecx'
D:\_uni\assembly\practice\asm6\asm6\asm6.cpp(40,17): error C2065: 'ecx': undeclared identifier
D:\_uni\assembly\practice\asm6\asm6\asm6.cpp(41,13): error C2146: syntax error: missing ';' before identifier 'jmp'
D:\_uni\assembly\practice\asm6\asm6\asm6.cpp(41,13): error C2065: 'jmp': undeclared identifier
D:\_uni\assembly\practice\asm6\asm6\asm6.cpp(41,17): error C2146: syntax error: missing ';' before identifier 'povt'
D:\_uni\assembly\practice\asm6\asm6\asm6.cpp(41,17): error C2065: 'povt': undeclared identifier
D:\_uni\assembly\practice\asm6\asm6\asm6.cpp(42,17): error C2146: syntax error: missing ';' before identifier 'vihod'
D:\_uni\assembly\practice\asm6\asm6\asm6.cpp(43,13): error C2065: 'mov': undeclared identifier
D:\_uni\assembly\practice\asm6\asm6\asm6.cpp(43,17): error C2146: syntax error: missing ';' before identifier 'si'
D:\_uni\assembly\practice\asm6\asm6\asm6.cpp(43,17): error C2065: 'si': undeclared identifier
D:\_uni\assembly\practice\asm6\asm6\asm6.cpp(44,17): error C2146: syntax error: missing ';' before identifier 'zuzu'
D:\_uni\assembly\practice\asm6\asm6\asm6.cpp(45,13): error C2065: 'pop': undeclared identifier
D:\_uni\assembly\practice\asm6\asm6\asm6.cpp(45,17): error C2146: syntax error: missing ';' before identifier 'edx'
D:\_uni\assembly\practice\asm6\asm6\asm6.cpp(45,17): error C2065: 'edx': undeclared identifier
D:\_uni\assembly\practice\asm6\asm6\asm6.cpp(46,17): error C2146: syntax error: missing ';' before identifier 'cmp'
D:\_uni\assembly\practice\asm6\asm6\asm6.cpp(46,17): error C2065: 'cmp': undeclared identifier
D:\_uni\assembly\practice\asm6\asm6\asm6.cpp(46,21): error C2146: syntax error: missing ';' before identifier 'dl'
D:\_uni\assembly\practice\asm6\asm6\asm6.cpp(46,21): error C2065: 'dl': undeclared identifier
D:\_uni\assembly\practice\asm6\asm6\asm6.cpp(47,17): error C2146: syntax error: missing ';' before identifier 'jg'
D:\_uni\assembly\practice\asm6\asm6\asm6.cpp(47,17): error C2065: 'jg': undeclared identifier
D:\_uni\assembly\practice\asm6\asm6\asm6.cpp(47,20): error C2146: syntax error: missing ';' before identifier 'bolshe'
D:\_uni\assembly\practice\asm6\asm6\asm6.cpp(47,20): error C2065: 'bolshe': undeclared identifier
D:\_uni\assembly\practice\asm6\asm6\asm6.cpp(48,17): error C2146: syntax error: missing ';' before identifier 'add'
D:\_uni\assembly\practice\asm6\asm6\asm6.cpp(48,17): error C2065: 'add': undeclared identifier
D:\_uni\assembly\practice\asm6\asm6\asm6.cpp(48,21): error C2146: syntax error: missing ';' before identifier 'dl'
D:\_uni\assembly\practice\asm6\asm6\asm6.cpp(48,21): error C2065: 'dl': undeclared identifier
D:\_uni\assembly\practice\asm6\asm6\asm6.cpp(49,17): error C2146: syntax error: missing ';' before identifier 'jmp'
D:\_uni\assembly\practice\asm6\asm6\asm6.cpp(49,17): error C2065: 'jmp': undeclared identifier
D:\_uni\assembly\practice\asm6\asm6\asm6.cpp(49,21): error C2146: syntax error: missing ';' before identifier 'obhod'
D:\_uni\assembly\practice\asm6\asm6\asm6.cpp(49,21): error C2065: 'obhod': undeclared identifier
D:\_uni\assembly\practice\asm6\asm6\asm6.cpp(50,17): error C2146: syntax error: missing ';' before identifier 'bolshe'
D:\_uni\assembly\practice\asm6\asm6\asm6.cpp(51,13): error C2065: 'add': undeclared identifier
D:\_uni\assembly\practice\asm6\asm6\asm6.cpp(51,17): error C2146: syntax error: missing ';' before identifier 'dl'
D:\_uni\assembly\practice\asm6\asm6\asm6.cpp(51,17): error C2065: 'dl': undeclared identifier
D:\_uni\assembly\practice\asm6\asm6\asm6.cpp(52,17): error C2146: syntax error: missing ';' before identifier 'obhod'
D:\_uni\assembly\practice\asm6\asm6\asm6.cpp(53,17): error C2065: 'mov': undeclared identifier
D:\_uni\assembly\practice\asm6\asm6\asm6.cpp(53,30): error C2065: 'si': undeclared identifier
D:\_uni\assembly\practice\asm6\asm6\asm6.cpp(53,32): error C7732: expected an expression before ']'
D:\_uni\assembly\practice\asm6\asm6\asm6.cpp(53,35): error C2065: 'dl': undeclared identifier
D:\_uni\assembly\practice\asm6\asm6\asm6.cpp(54,17): error C2146: syntax error: missing ';' before identifier 'inc'
D:\_uni\assembly\practice\asm6\asm6\asm6.cpp(54,17): error C2065: 'inc': undeclared identifier
D:\_uni\assembly\practice\asm6\asm6\asm6.cpp(54,21): error C2146: syntax error: missing ';' before identifier 'si'
D:\_uni\assembly\practice\asm6\asm6\asm6.cpp(54,21): error C2065: 'si': undeclared identifier
D:\_uni\assembly\practice\asm6\asm6\asm6.cpp(55,17): error C2146: syntax error: missing ';' before identifier 'loop'
D:\_uni\assembly\practice\asm6\asm6\asm6.cpp(55,17): error C2065: 'loop': undeclared identifier
D:\_uni\assembly\practice\asm6\asm6\asm6.cpp(55,22): error C2146: syntax error: missing ';' before identifier 'zuzu'
D:\_uni\assembly\practice\asm6\asm6\asm6.cpp(55,22): error C2065: 'zuzu': undeclared identifier
D:\_uni\assembly\practice\asm6\asm6\asm6.cpp(58,5): error C2143: syntax error: missing ';' before '}'
